Test de tp3t2.tst
commande (l,e,c,d,q) :
donner un numero de chaine (2 chiffres)
donner une chaine terminee par "entree"

commande (l,e,c,d,q) :

commande (l,e,c,d,q) :
donner un numero de chaine (2 chiffres)
donner une chaine terminee par "entree"

commande (l,e,c,d,q) :

commande (l,e,c,d,q) :
donner un numero de chaine (2 chiffres)
donner un numero de chaine (2 chiffres)
donner un numero de chaine (2 chiffres)

commande (l,e,c,d,q) :
donner un numero de chaine (2 chiffres)
donner un numero de chaine (2 chiffres)
donner un numero de chaine (2 chiffres)

commande (l,e,c,d,q) :
donner un numero de chaine (2 chiffres)
donner un numero de chaine (2 chiffres)
donner un numero de chaine (2 chiffres)

commande (l,e,c,d,q) :
donner un numero de chaine (2 chiffres)
donner une chaine terminee par "entree"

debordement de la zone des car.

commande (l,e,c,d,q) :

commande (l,e,c,d,q) :

commande (l,e,c,d,q) :
