test de tp3t4.tst
commande (l,e,c,d,q) :
donner un numero de chaine (2 chiffres)
donner une chaine terminee par "entree"

commande (l,e,c,d,q) :

commande (l,e,c,d,q) :
donner un numero de chaine (2 chiffres)
donner une chaine terminee par "entree"

commande (l,e,c,d,q) :

commande (l,e,c,d,q) :
donner un numero de chaine (2 chiffres)
donner une chaine terminee par "entree"

commande (l,e,c,d,q) :

commande (l,e,c,d,q) :
donner un numero de chaine (2 chiffres)
donner une chaine terminee par "entree"

debordement de la zone des car.

commande (l,e,c,d,q) :

commande (l,e,c,d,q) :

commande (l,e,c,d,q) :
